Determining if the pthread_create exist failed with the following output:
Change Dir: /home/yuanyao/pyscf_my/pyscf/lib/build/CMakeFiles/CMakeTmp

Run Build Command:/usr/bin/gmake "cmTryCompileExec4146351356/fast"
/usr/bin/gmake -f CMakeFiles/cmTryCompileExec4146351356.dir/build.make CMakeFiles/cmTryCompileExec4146351356.dir/build
gmake[1]: Entering directory `/home/yuanyao/pyscf_my/pyscf/lib/build/CMakeFiles/CMakeTmp'
/usr/bin/cmake -E cmake_progress_report /home/yuanyao/pyscf_my/pyscf/lib/build/CMakeFiles/CMakeTmp/CMakeFiles 1
Building C object CMakeFiles/cmTryCompileExec4146351356.dir/CheckSymbolExists.c.o
/usr/bin/cc   -Wall     -o CMakeFiles/cmTryCompileExec4146351356.dir/CheckSymbolExists.c.o   -c /home/yuanyao/pyscf_my/pyscf/lib/build/CMakeFiles/CMakeTmp/CheckSymbolExists.c
Linking C executable cmTryCompileExec4146351356
/usr/bin/cmake -E cmake_link_script CMakeFiles/cmTryCompileExec4146351356.dir/link.txt --verbose=1
/usr/bin/cc  -Wall      CMakeFiles/cmTryCompileExec4146351356.dir/CheckSymbolExists.c.o  -o cmTryCompileExec4146351356 -rdynamic 
CMakeFiles/cmTryCompileExec4146351356.dir/CheckSymbolExists.c.o: In function `main':
CheckSymbolExists.c:(.text+0x16): undefined reference to `pthread_create'
collect2: error: ld returned 1 exit status
gmake[1]: *** [cmTryCompileExec4146351356] Error 1
gmake[1]: Leaving directory `/home/yuanyao/pyscf_my/pyscf/lib/build/CMakeFiles/CMakeTmp'
gmake: *** [cmTryCompileExec4146351356/fast] Error 2

File /home/yuanyao/pyscf_my/pyscf/lib/build/CMakeFiles/CMakeTmp/CheckSymbolExists.c:
/* */
#include <pthread.h>

int main(int argc, char** argv)
{
  (void)argv;
#ifndef pthread_create
  return ((int*)(&pthread_create))[argc];
#else
  (void)argc;
  return 0;
#endif
}

Determining if the function pthread_create exists in the pthreads failed with the following output:
Change Dir: /home/yuanyao/pyscf_my/pyscf/lib/build/CMakeFiles/CMakeTmp

Run Build Command:/usr/bin/gmake "cmTryCompileExec2096588086/fast"
/usr/bin/gmake -f CMakeFiles/cmTryCompileExec2096588086.dir/build.make CMakeFiles/cmTryCompileExec2096588086.dir/build
gmake[1]: Entering directory `/home/yuanyao/pyscf_my/pyscf/lib/build/CMakeFiles/CMakeTmp'
/usr/bin/cmake -E cmake_progress_report /home/yuanyao/pyscf_my/pyscf/lib/build/CMakeFiles/CMakeTmp/CMakeFiles 1
Building C object CMakeFiles/cmTryCompileExec2096588086.dir/CheckFunctionExists.c.o
/usr/bin/cc   -Wall  -DCHECK_FUNCTION_EXISTS=pthread_create   -o CMakeFiles/cmTryCompileExec2096588086.dir/CheckFunctionExists.c.o   -c /usr/share/cmake/Modules/CheckFunctionExists.c
Linking C executable cmTryCompileExec2096588086
/usr/bin/cmake -E cmake_link_script CMakeFiles/cmTryCompileExec2096588086.dir/link.txt --verbose=1
/usr/bin/cc  -Wall  -DCHECK_FUNCTION_EXISTS=pthread_create    CMakeFiles/cmTryCompileExec2096588086.dir/CheckFunctionExists.c.o  -o cmTryCompileExec2096588086 -rdynamic -lpthreads 
/usr/bin/ld: cannot find -lpthreads
collect2: error: ld returned 1 exit status
gmake[1]: *** [cmTryCompileExec2096588086] Error 1
gmake[1]: Leaving directory `/home/yuanyao/pyscf_my/pyscf/lib/build/CMakeFiles/CMakeTmp'
gmake: *** [cmTryCompileExec2096588086/fast] Error 2


